20:55:12 **** Build of configuration Debug for project AIRPLANE_RC ****
make -j12 all 
arm-none-eabi-gcc "../Core/Src/receiver_RC.c" -mcpu=cortex-m4 -std=gnu11 -g3 -DDEBUG -DUSE_HAL_DRIVER -DSTM32F411xE -c -I../Core/Inc -I../Drivers/STM32F4xx_HAL_Driver/Inc -I../Drivers/STM32F4xx_HAL_Driver/Inc/Legacy -I../Drivers/CMSIS/Device/ST/STM32F4xx/Include -I../Drivers/CMSIS/Include -O0 -ffunction-sections -fdata-sections -Wall -fstack-usage -fcyclomatic-complexity -MMD -MP -MF"Core/Src/receiver_RC.d" -MT"Core/Src/receiver_RC.o" --specs=nano.specs -mfpu=fpv4-sp-d16 -mfloat-abi=hard -mthumb -o "Core/Src/receiver_RC.o"
arm-none-eabi-gcc "../Core/Src/spi.c" -mcpu=cortex-m4 -std=gnu11 -g3 -DDEBUG -DUSE_HAL_DRIVER -DSTM32F411xE -c -I../Core/Inc -I../Drivers/STM32F4xx_HAL_Driver/Inc -I../Drivers/STM32F4xx_HAL_Driver/Inc/Legacy -I../Drivers/CMSIS/Device/ST/STM32F4xx/Include -I../Drivers/CMSIS/Include -O0 -ffunction-sections -fdata-sections -Wall -fstack-usage -fcyclomatic-complexity -MMD -MP -MF"Core/Src/spi.d" -MT"Core/Src/spi.o" --specs=nano.specs -mfpu=fpv4-sp-d16 -mfloat-abi=hard -mthumb -o "Core/Src/spi.o"
../Core/Src/spi.c:12: warning: "SPI_SR_TXE" redefined
   12 | #define SPI_SR_TXE (1U<<1) //  1 :TX buffer empty
      | 
In file included from ../Core/Inc/spi.h:4,
                 from ../Core/Src/spi.c:2:
../Drivers/CMSIS/Device/ST/STM32F4xx/Include/stm32f411xe.h:5738: note: this is the location of the previous definition
 5738 | #define SPI_SR_TXE                  SPI_SR_TXE_Msk                             /*!<Transmit buffer Empty    */
      | 
../Core/Src/spi.c: In function 'spi1_transmit':
../Core/Src/spi.c:92:17: warning: variable 'temp' set but not used [-Wunused-but-set-variable]
   92 |         uint8_t temp;
      |                 ^~~~
arm-none-eabi-gcc -o "AIRPLANE_RC.elf" @"objects.list"   -mcpu=cortex-m4 -T"E:\Project\Microcontroller\STM32411cceu6\1\AIRPLANE_HAL\STM32F411CEUX_FLASH.ld" --specs=nosys.specs -Wl,-Map="AIRPLANE_RC.map" -Wl,--gc-sections -static --specs=nano.specs -mfpu=fpv4-sp-d16 -mfloat-abi=hard -mthumb -Wl,--start-group -lc -lm -Wl,--end-group
E:/stm32cubeide/STM32CubeIDE_1.18.0/STM32CubeIDE/plugins/com.st.stm32cube.ide.mcu.externaltools.gnu-tools-for-stm32.13.3.rel1.win32_1.0.0.202411081344/tools/bin/../lib/gcc/arm-none-eabi/13.3.1/../../../../arm-none-eabi/bin/ld.exe: ./Core/Src/stm32f4xx_it.o: in function `SysTick_Handler':
E:/Project/Microcontroller/STM32411cceu6/1/AIRPLANE_HAL/Debug/../Core/Src/stm32f4xx_it.c:184: multiple definition of `SysTick_Handler'; ./Core/Src/delay.o:E:/Project/Microcontroller/STM32411cceu6/1/AIRPLANE_HAL/Debug/../Core/Src/delay.c:32: first defined here
E:/stm32cubeide/STM32CubeIDE_1.18.0/STM32CubeIDE/plugins/com.st.stm32cube.ide.mcu.externaltools.gnu-tools-for-stm32.13.3.rel1.win32_1.0.0.202411081344/tools/bin/../lib/gcc/arm-none-eabi/13.3.1/../../../../arm-none-eabi/bin/ld.exe: ./Core/Src/receiver_RC.o: in function `main':
E:/Project/Microcontroller/STM32411cceu6/1/AIRPLANE_HAL/Debug/../Core/Src/receiver_RC.c:30:(.text.main+0xe): undefined reference to `NRF24_Init'
E:/stm32cubeide/STM32CubeIDE_1.18.0/STM32CubeIDE/plugins/com.st.stm32cube.ide.mcu.externaltools.gnu-tools-for-stm32.13.3.rel1.win32_1.0.0.202411081344/tools/bin/../lib/gcc/arm-none-eabi/13.3.1/../../../../arm-none-eabi/bin/ld.exe: E:/Project/Microcontroller/STM32411cceu6/1/AIRPLANE_HAL/Debug/../Core/Src/receiver_RC.c:31:(.text.main+0x16): undefined reference to `NRF24_RxMode'
E:/stm32cubeide/STM32CubeIDE_1.18.0/STM32CubeIDE/plugins/com.st.stm32cube.ide.mcu.externaltools.gnu-tools-for-stm32.13.3.rel1.win32_1.0.0.202411081344/tools/bin/../lib/gcc/arm-none-eabi/13.3.1/../../../../arm-none-eabi/bin/ld.exe: E:/Project/Microcontroller/STM32411cceu6/1/AIRPLANE_HAL/Debug/../Core/Src/receiver_RC.c:37:(.text.main+0x1c): undefined reference to `isDataAvailable'
E:/stm32cubeide/STM32CubeIDE_1.18.0/STM32CubeIDE/plugins/com.st.stm32cube.ide.mcu.externaltools.gnu-tools-for-stm32.13.3.rel1.win32_1.0.0.202411081344/tools/bin/../lib/gcc/arm-none-eabi/13.3.1/../../../../arm-none-eabi/bin/ld.exe: E:/Project/Microcontroller/STM32411cceu6/1/AIRPLANE_HAL/Debug/../Core/Src/receiver_RC.c:39:(.text.main+0x28): undefined reference to `NRF24_Receive'
collect2.exe: error: ld returned 1 exit status
make: *** [makefile:64: AIRPLANE_RC.elf] Error 1
"make -j12 all" terminated with exit code 2. Build might be incomplete.

20:55:16 Build Failed. 6 errors, 2 warnings. (took 3s.784ms)

